2015/05/08 15:50:38 Starting cygwin install, version 2.738
2015/05/08 15:50:38 io_stream_cygfile: fopen(/etc/setup/setup.rc) failed 2 No such file or directory
2015/05/08 15:50:38 io_stream_cygfile: fopen(/etc/setup/last-cache) failed 2 No such file or directory
2015/05/08 15:50:38 io_stream_cygfile: fopen(/etc/setup/last-action) failed 2 No such file or directory
2015/05/08 15:50:38 io_stream_cygfile: fopen(/etc/setup/net-method) failed 2 No such file or directory
2015/05/08 15:50:38 io_stream_cygfile: fopen(/etc/setup/net-proxy-host) failed 2 No such file or directory
2015/05/08 15:50:38 io_stream_cygfile: fopen(/etc/setup/net-proxy-port) failed 2 No such file or directory
2015/05/08 15:50:38 io_stream_cygfile: fopen(/etc/setup/last-mirror) failed 2 No such file or directory
2015/05/08 15:50:38 io_stream_cygfile: fopen(/etc/setup/extrakeys) failed 2 No such file or directory
2015/05/08 15:50:38 io_stream_cygfile: fopen(/etc/setup/chooser_window_settings) failed 2 No such file or directory
2015/05/08 15:50:38 Current Directory: E:\U\develope\XDK2\01-cygwin\cygwin
2015/05/08 15:50:38 User has backup/restore rights
2015/05/08 15:50:38 Changing gid to Administrators
2015/05/08 15:50:38 Could not open service McShield for query, start and stop. McAfee may not be installed, or we don't have access.
2015/05/08 15:50:42 source: network install
2015/05/08 15:50:44 root: C:\cygwin binary system
2015/05/08 15:50:46 Selected local directory: E:\U\develope\XDK2\01-cygwin\cygwin
2015/05/08 15:50:49 net: Direct
2015/05/08 15:50:49 io_stream_cygfile: fopen(/etc/setup/mirrors-lst) failed 2 No such file or directory
2015/05/08 15:50:55 io_stream_cygfile: fopen(/etc/setup/setup.rc) failed 2 No such file or directory
2015/05/08 15:50:55 Ending cygwin install
2015/05/08 15:50:56 Starting cygwin install, version 2.738
2015/05/08 15:50:56 io_stream_cygfile: fopen(/etc/setup/setup.rc) failed 2 No such file or directory
2015/05/08 15:50:56 io_stream_cygfile: fopen(/etc/setup/last-cache) failed 2 No such file or directory
2015/05/08 15:50:56 io_stream_cygfile: fopen(/etc/setup/last-action) failed 2 No such file or directory
2015/05/08 15:50:56 io_stream_cygfile: fopen(/etc/setup/net-method) failed 2 No such file or directory
2015/05/08 15:50:56 io_stream_cygfile: fopen(/etc/setup/net-proxy-host) failed 2 No such file or directory
2015/05/08 15:50:56 io_stream_cygfile: fopen(/etc/setup/net-proxy-port) failed 2 No such file or directory
2015/05/08 15:50:56 io_stream_cygfile: fopen(/etc/setup/last-mirror) failed 2 No such file or directory
2015/05/08 15:50:56 io_stream_cygfile: fopen(/etc/setup/extrakeys) failed 2 No such file or directory
2015/05/08 15:50:56 io_stream_cygfile: fopen(/etc/setup/chooser_window_settings) failed 2 No such file or directory
2015/05/08 15:50:56 Current Directory: E:\U\develope\XDK2\01-cygwin\cygwin
2015/05/08 15:50:56 User has backup/restore rights
2015/05/08 15:50:56 Changing gid to Administrators
2015/05/08 15:50:56 Could not open service McShield for query, start and stop. McAfee may not be installed, or we don't have access.
2015/05/08 15:51:02 source: from cwd
2015/05/08 15:51:03 root: C:\cygwin binary system
2015/05/08 15:51:05 Selected local directory: E:\U\develope\XDK2\01-cygwin\cygwin
2015/05/08 15:51:05 io_stream_cygfile: fopen(/etc/setup/installed.db) failed 2 No such file or directory
2015/05/08 15:51:05 io_stream_cygfile: fopen(/etc/setup/timestamp) failed 2 No such file or directory
2015/05/08 15:51:05 io_stream_cygfile: fopen(/etc/setup/new-cygwin-version) failed 2 No such file or directory
2015/05/08 15:51:37 Extracting from file://E:\U\develope\XDK2\01-cygwin\cygwin/release/_update-info-dir/_update-info-dir-00970-1.tar.bz2
2015/05/08 15:51:37 Extracting from file://E:\U\develope\XDK2\01-cygwin\cygwin/release/alternatives/alternatives-1.3.30c-10.tar.bz2
2015/05/08 15:51:37 Extracting from file://E:\U\develope\XDK2\01-cygwin\cygwin/release/autobuild/autobuild-5.3-1.tar.bz2
2015/05/08 15:51:37 Extracting from file://E:\U\develope\XDK2\01-cygwin\cygwin/release/autoconf/autoconf-10-1.tar.bz2
2015/05/08 15:51:37 Extracting from file://E:\U\develope\XDK2\01-cygwin\cygwin/release/autoconf/autoconf2.1/autoconf2.1-2.13-10.tar.bz2
2015/05/08 15:51:37 Extracting from file://E:\U\develope\XDK2\01-cygwin\cygwin/release/autoconf/autoconf2.5/autoconf2.5-2.68-1.tar.bz2
2015/05/08 15:51:37 Extracting from file://E:\U\develope\XDK2\01-cygwin\cygwin/release/automake/automake-4-10.tar.bz2
2015/05/08 15:51:37 Extracting from file://E:\U\develope\XDK2\01-cygwin\cygwin/release/automake/automake1.10/automake1.10-1.10.3-1.tar.bz2
2015/05/08 15:51:38 Extracting from file://E:\U\develope\XDK2\01-cygwin\cygwin/release/automake/automake1.11/automake1.11-1.11.1-1.tar.bz2
2015/05/08 15:51:39 Extracting from file://E:\U\develope\XDK2\01-cygwin\cygwin/release/automake/automake1.4/automake1.4-1.4p6-10.tar.bz2
2015/05/08 15:51:39 Extracting from file://E:\U\develope\XDK2\01-cygwin\cygwin/release/automake/automake1.5/automake1.5-1.5-10.tar.bz2
2015/05/08 15:51:40 Extracting from file://E:\U\develope\XDK2\01-cygwin\cygwin/release/automake/automake1.6/automake1.6-1.6.3-11.tar.bz2
2015/05/08 15:51:40 Extracting from file://E:\U\develope\XDK2\01-cygwin\cygwin/release/automake/automake1.7/automake1.7-1.7.9-10.tar.bz2
2015/05/08 15:51:41 Extracting from file://E:\U\develope\XDK2\01-cygwin\cygwin/release/automake/automake1.8/automake1.8-1.8.5-10.tar.bz2
2015/05/08 15:51:42 Extracting from file://E:\U\develope\XDK2\01-cygwin\cygwin/release/automake/automake1.9/automake1.9-1.9.6-10.tar.bz2
2015/05/08 15:51:44 Extracting from file://E:\U\develope\XDK2\01-cygwin\cygwin/release/base-cygwin/base-cygwin-3.0-1.tar.bz2
2015/05/08 15:51:44 Extracting from file://E:\U\develope\XDK2\01-cygwin\cygwin/release/base-files/base-files-4.0-6.tar.bz2
2015/05/08 15:51:45 Extracting from file://E:\U\develope\XDK2\01-cygwin\cygwin/release/bash/bash-4.1.10-4.tar.bz2
2015/05/08 15:51:46 Extracting from file://E:\U\develope\XDK2\01-cygwin\cygwin/release/bash/bashdb/bashdb-3.1_0.09-1.tar.bz2
2015/05/08 15:51:46 Extracting from file://E:\U\develope\XDK2\01-cygwin\cygwin/release/binutils/binutils-2.21.53-1.tar.bz2
2015/05/08 15:51:48 Extracting from file://E:\U\develope\XDK2\01-cygwin\cygwin/release/bzip2/bzip2-1.0.6-2.tar.bz2
2015/05/08 15:51:49 Extracting from file://E:\U\develope\XDK2\01-cygwin\cygwin/release/coreutils/coreutils-8.10-1.tar.bz2
2015/05/08 15:51:52 Extracting from file://E:\U\develope\XDK2\01-cygwin\cygwin/release/crypt/crypt-1.1-1.tar.bz2
2015/05/08 15:51:52 Extracting from file://E:\U\develope\XDK2\01-cygwin\cygwin/release/csih/csih-0.9.4-1.tar.bz2
2015/05/08 15:51:52 Extracting from file://E:\U\develope\XDK2\01-cygwin\cygwin/release/cvs/cvs-1.12.13-10.tar.bz2
2015/05/08 15:51:53 Extracting from file://E:\U\develope\XDK2\01-cygwin\cygwin/release/cvs2svn/cvs2svn-2.3.0-1.tar.bz2
2015/05/08 15:51:54 Extracting from file://E:\U\develope\XDK2\01-cygwin\cygwin/release/cvsutils/cvsutils-0.2.5-1.tar.bz2
2015/05/08 15:51:54 Extracting from file://E:\U\develope\XDK2\01-cygwin\cygwin/release/cygrunsrv/cygrunsrv-1.34-1.tar.bz2
2015/05/08 15:51:54 Extracting from file://E:\U\develope\XDK2\01-cygwin\cygwin/release/cygutils/cygutils-1.4.6-1.tar.bz2
2015/05/08 15:51:54 Extracting from file://E:\U\develope\XDK2\01-cygwin\cygwin/release/cygwin/cygwin-1.7.9-1.tar.bz2
2015/05/08 15:51:55 Extracting from file://E:\U\develope\XDK2\01-cygwin\cygwin/release/cygwin-doc/cygwin-doc-1.7-1.tar.bz2
2015/05/08 15:51:57 Extracting from file://E:\U\develope\XDK2\01-cygwin\cygwin/release/dash/dash-0.5.6.1-2.tar.bz2
2015/05/08 15:51:57 Extracting from file://E:\U\develope\XDK2\01-cygwin\cygwin/release/diffutils/diffutils-2.9-1.tar.bz2
2015/05/08 15:51:58 Extracting from file://E:\U\develope\XDK2\01-cygwin\cygwin/release/dos2unix/dos2unix-5.3-1.tar.bz2
2015/05/08 15:51:58 Extracting from file://E:\U\develope\XDK2\01-cygwin\cygwin/release/doxygen/doxygen-1.6.1-2.tar.bz2
2015/05/08 15:52:00 Extracting from file://E:\U\develope\XDK2\01-cygwin\cygwin/release/editrights/editrights-1.01-2.tar.bz2
2015/05/08 15:52:00 Extracting from file://E:\U\develope\XDK2\01-cygwin\cygwin/release/findutils/findutils-4.5.9-2.tar.bz2
2015/05/08 15:52:04 Extracting from file://E:\U\develope\XDK2\01-cygwin\cygwin/release/gawk/gawk-4.0.0-1.tar.bz2
2015/05/08 15:52:04 Extracting from file://E:\U\develope\XDK2\01-cygwin\cygwin/release/gcc/gcc-core/gcc-core-3.4.4-999.tar.bz2
2015/05/08 15:52:07 Extracting from file://E:\U\develope\XDK2\01-cygwin\cygwin/release/gcc/gcc-g++/gcc-g++-3.4.4-999.tar.bz2
2015/05/08 15:52:15 Extracting from file://E:\U\develope\XDK2\01-cygwin\cygwin/release/gcc-mingw/gcc-mingw-core/gcc-mingw-core-20050522-3.tar.bz2
2015/05/08 15:52:15 Extracting from file://E:\U\develope\XDK2\01-cygwin\cygwin/release/gcc-mingw/gcc-mingw-g++/gcc-mingw-g++-20050522-3.tar.bz2
2015/05/08 15:52:15 Extracting from file://E:\U\develope\XDK2\01-cygwin\cygwin/release/gdb/gdb-7.3.50-1.tar.bz2
2015/05/08 15:52:16 Extracting from file://E:\U\develope\XDK2\01-cygwin\cygwin/release/gettext/gettext-0.17-11.tar.bz2
2015/05/08 15:52:18 Extracting from file://E:\U\develope\XDK2\01-cygwin\cygwin/release/grep/grep-2.6.3-1.tar.bz2
2015/05/08 15:52:19 Extracting from file://E:\U\develope\XDK2\01-cygwin\cygwin/release/groff/groff-1.20.1-2.tar.bz2
2015/05/08 15:52:28 Extracting from file://E:\U\develope\XDK2\01-cygwin\cygwin/release/gzip/gzip-1.4-1.tar.bz2
2015/05/08 15:52:28 Extracting from file://E:\U\develope\XDK2\01-cygwin\cygwin/release/ipc-utils/ipc-utils-1.0-1.tar.bz2
2015/05/08 15:52:28 Extracting from file://E:\U\develope\XDK2\01-cygwin\cygwin/release/less/less-444-1.tar.bz2
2015/05/08 15:52:29 Extracting from file://E:\U\develope\XDK2\01-cygwin\cygwin/release/libapr1/libapr1-1.4.4-1.tar.bz2
2015/05/08 15:52:29 Extracting from file://E:\U\develope\XDK2\01-cygwin\cygwin/release/libaprutil1/libaprutil1-1.3.10-1.tar.bz2
2015/05/08 15:52:29 Extracting from file://E:\U\develope\XDK2\01-cygwin\cygwin/release/attr/libattr1/libattr1-2.4.43-1.tar.bz2
2015/05/08 15:52:29 Extracting from file://E:\U\develope\XDK2\01-cygwin\cygwin/release/util-linux/libblkid1/libblkid1-2.17.2-1.tar.bz2
2015/05/08 15:52:29 Extracting from file://E:\U\develope\XDK2\01-cygwin\cygwin/release/bzip2/libbz2_1/libbz2_1-1.0.6-2.tar.bz2
2015/05/08 15:52:29 Extracting from file://E:\U\develope\XDK2\01-cygwin\cygwin/release/db/db4.5/libdb4.5/libdb4.5-4.5.20.2-2.tar.bz2
2015/05/08 15:52:30 Extracting from file://E:\U\develope\XDK2\01-cygwin\cygwin/release/libedit/libedit0/libedit0-20090923-1.tar.bz2
2015/05/08 15:52:30 Extracting from file://E:\U\develope\XDK2\01-cygwin\cygwin/release/expat/libexpat1/libexpat1-2.0.1-1.tar.bz2
2015/05/08 15:52:30 Extracting from file://E:\U\develope\XDK2\01-cygwin\cygwin/release/gcc4/libffi4/libffi4-4.3.4-4.tar.bz2
2015/05/08 15:52:30 Extracting from file://E:\U\develope\XDK2\01-cygwin\cygwin/release/gcc4/libgcc1/libgcc1-4.3.4-4.tar.bz2
2015/05/08 15:52:30 Extracting from file://E:\U\develope\XDK2\01-cygwin\cygwin/release/gdbm/libgdbm4/libgdbm4-1.8.3-20.tar.bz2
2015/05/08 15:52:30 Extracting from file://E:\U\develope\XDK2\01-cygwin\cygwin/release/gmp/libgmp3/libgmp3-4.3.2-1.tar.bz2
2015/05/08 15:52:30 Extracting from file://E:\U\develope\XDK2\01-cygwin\cygwin/release/libiconv/libiconv2/libiconv2-1.13.1-2.tar.bz2
2015/05/08 15:52:30 Extracting from file://E:\U\develope\XDK2\01-cygwin\cygwin/release/gettext/libintl3/libintl3-0.14.5-1.tar.bz2
2015/05/08 15:52:30 Extracting from file://E:\U\develope\XDK2\01-cygwin\cygwin/release/gettext/libintl8/libintl8-0.17-11.tar.bz2
2015/05/08 15:52:30 Extracting from file://E:\U\develope\XDK2\01-cygwin\cygwin/release/xz/liblzma1/liblzma1-4.999.9beta-11.tar.bz2
2015/05/08 15:52:30 Extracting from file://E:\U\develope\XDK2\01-cygwin\cygwin/release/xz/liblzma5/liblzma5-5.0.2_20110517-1.tar.bz2
2015/05/08 15:52:30 Extracting from file://E:\U\develope\XDK2\01-cygwin\cygwin/release/ncurses/libncurses10/libncurses10-5.7-18.tar.bz2
2015/05/08 15:52:30 Extracting from file://E:\U\develope\XDK2\01-cygwin\cygwin/release/ncurses/libncurses8/libncurses8-5.5-10.tar.bz2
2015/05/08 15:52:30 Extracting from file://E:\U\develope\XDK2\01-cygwin\cygwin/release/ncurses/libncurses9/libncurses9-5.7-16.tar.bz2
2015/05/08 15:52:30 Extracting from file://E:\U\develope\XDK2\01-cygwin\cygwin/release/ncursesw/libncursesw10/libncursesw10-5.7-18.tar.bz2
2015/05/08 15:52:30 Extracting from file://E:\U\develope\XDK2\01-cygwin\cygwin/release/neon/libneon27/libneon27-0.29.3-1.tar.bz2
2015/05/08 15:52:30 Extracting from file://E:\U\develope\XDK2\01-cygwin\cygwin/release/openldap/libopenldap2_3_0/libopenldap2_3_0-2.3.43-1.tar.bz2
2015/05/08 15:52:30 Extracting from file://E:\U\develope\XDK2\01-cygwin\cygwin/release/openssl/libopenssl098/libopenssl098-0.9.8r-2.tar.bz2
2015/05/08 15:52:30 Extracting from file://E:\U\develope\XDK2\01-cygwin\cygwin/release/pcre/libpcre0/libpcre0-8.02-1.tar.bz2
2015/05/08 15:52:30 Extracting from file://E:\U\develope\XDK2\01-cygwin\cygwin/release/popt/libpopt0/libpopt0-1.6.4-4.tar.bz2
2015/05/08 15:52:30 Extracting from file://E:\U\develope\XDK2\01-cygwin\cygwin/release/postgresql/libpq5/libpq5-8.2.11-1.tar.bz2
2015/05/08 15:52:30 Extracting from file://E:\U\develope\XDK2\01-cygwin\cygwin/release/libproxy/libproxy0/libproxy0-0.2.3-2.tar.bz2
2015/05/08 15:52:30 Extracting from file://E:\U\develope\XDK2\01-cygwin\cygwin/release/readline/libreadline7/libreadline7-6.1.2-2.tar.bz2
2015/05/08 15:52:30 Extracting from file://E:\U\develope\XDK2\01-cygwin\cygwin/release/cyrus-sasl/libsasl2/libsasl2-2.1.23-1.tar.bz2
2015/05/08 15:52:30 Extracting from file://E:\U\develope\XDK2\01-cygwin\cygwin/release/serf/libserf0_1/libserf0_1-0.7.1-1.tar.bz2
2015/05/08 15:52:30 Extracting from file://E:\U\develope\XDK2\01-cygwin\cygwin/release/libsigsegv/libsigsegv2/libsigsegv2-2.10-1.tar.bz2
2015/05/08 15:52:30 Extracting from file://E:\U\develope\XDK2\01-cygwin\cygwin/release/sqlite3/libsqlite3_0/libsqlite3_0-3.7.3-1.tar.bz2
2015/05/08 15:52:30 Extracting from file://E:\U\develope\XDK2\01-cygwin\cygwin/release/gcc4/libssp0/libssp0-4.3.4-4.tar.bz2
2015/05/08 15:52:30 Extracting from file://E:\U\develope\XDK2\01-cygwin\cygwin/release/gcc4/libstdc++6/libstdc++6-4.3.4-4.tar.bz2
2015/05/08 15:52:30 Extracting from file://E:\U\develope\XDK2\01-cygwin\cygwin/release/util-linux/libuuid1/libuuid1-2.17.2-1.tar.bz2
2015/05/08 15:52:30 Extracting from file://E:\U\develope\XDK2\01-cygwin\cygwin/release/tcp_wrappers/libwrap0/libwrap0-7.6-21.tar.bz2
2015/05/08 15:52:30 Extracting from file://E:\U\develope\XDK2\01-cygwin\cygwin/release/login/login-1.10-10.tar.bz2
2015/05/08 15:52:30 Extracting from file://E:\U\develope\XDK2\01-cygwin\cygwin/release/m4/m4-1.4.16-1.tar.bz2
2015/05/08 15:52:30 Extracting from file://E:\U\develope\XDK2\01-cygwin\cygwin/release/make/make-3.81-2.tar.bz2
2015/05/08 15:52:31 Extracting from file://E:\U\develope\XDK2\01-cygwin\cygwin/release/X.Org/makedepend/makedepend-1.0.2-1.tar.bz2
2015/05/08 15:52:31 Extracting from file://E:\U\develope\XDK2\01-cygwin\cygwin/release/man/man-1.6f-1.tar.bz2
2015/05/08 15:52:31 Extracting from file://E:\U\develope\XDK2\01-cygwin\cygwin/release/mingw/mingw-runtime/mingw-runtime-3.18-3.tar.bz2
2015/05/08 15:52:31 Extracting from file://E:\U\develope\XDK2\01-cygwin\cygwin/release/mingw/mingw-w32api/mingw-w32api-3.17-2.tar.bz2
2015/05/08 15:52:32 Extracting from file://E:\U\develope\XDK2\01-cygwin\cygwin/release/minires/minires-1.02-1.tar.bz2
2015/05/08 15:52:32 Extracting from file://E:\U\develope\XDK2\01-cygwin\cygwin/release/openssh/openssh-5.8p1-1.tar.bz2
2015/05/08 15:52:33 Extracting from file://E:\U\develope\XDK2\01-cygwin\cygwin/release/perl/perl-5.10.1-5.tar.bz2
2015/05/08 15:53:00 Extracting from file://E:\U\develope\XDK2\01-cygwin\cygwin/release/python/python-2.6.5-2.tar.bz2
2015/05/08 15:53:19 Extracting from file://E:\U\develope\XDK2\01-cygwin\cygwin/release/rebase/rebase-3.0.1-1.tar.bz2
2015/05/08 15:53:20 Extracting from file://E:\U\develope\XDK2\01-cygwin\cygwin/release/run/run-1.1.13-1.tar.bz2
2015/05/08 15:53:20 Extracting from file://E:\U\develope\XDK2\01-cygwin\cygwin/release/sed/sed-4.2.1-1.tar.bz2
2015/05/08 15:53:20 Extracting from file://E:\U\develope\XDK2\01-cygwin\cygwin/release/subversion/subversion-1.6.17-1.tar.bz2
2015/05/08 15:53:20 Extracting from file://E:\U\develope\XDK2\01-cygwin\cygwin/release/tar/tar-1.25-1.tar.bz2
2015/05/08 15:53:22 Extracting from file://E:\U\develope\XDK2\01-cygwin\cygwin/release/tcltk/tcltk-20080420-1.tar.bz2
2015/05/08 15:53:31 Extracting from file://E:\U\develope\XDK2\01-cygwin\cygwin/release/terminfo/terminfo-5.7_20091114-14.tar.bz2
2015/05/08 15:53:32 Extracting from file://E:\U\develope\XDK2\01-cygwin\cygwin/release/terminfo/terminfo0/terminfo0-5.5_20061104-12.tar.bz2
2015/05/08 15:53:34 Extracting from file://E:\U\develope\XDK2\01-cygwin\cygwin/release/texinfo/texinfo-4.13-3.tar.bz2
2015/05/08 15:53:34 Extracting from file://E:\U\develope\XDK2\01-cygwin\cygwin/release/tzcode/tzcode-2010j-1.tar.bz2
2015/05/08 15:53:59 Extracting from file://E:\U\develope\XDK2\01-cygwin\cygwin/release/util-linux/util-linux-2.17.2-1.tar.bz2
2015/05/08 15:54:01 Extracting from file://E:\U\develope\XDK2\01-cygwin\cygwin/release/vim/vim-7.3.003-1.tar.bz2
2015/05/08 15:54:15 Extracting from file://E:\U\develope\XDK2\01-cygwin\cygwin/release/w32api/w32api-3.17-2.tar.bz2
2015/05/08 15:54:20 Extracting from file://E:\U\develope\XDK2\01-cygwin\cygwin/release/which/which-2.20-2.tar.bz2
2015/05/08 15:54:20 Extracting from file://E:\U\develope\XDK2\01-cygwin\cygwin/release/xz/xz-5.0.2_20110517-1.tar.bz2
2015/05/08 15:54:21 Extracting from file://E:\U\develope\XDK2\01-cygwin\cygwin/release/zlib/zlib-1.2.5-1.tar.bz2
2015/05/08 15:54:21 Extracting from file://E:\U\develope\XDK2\01-cygwin\cygwin/release/zlib/zlib-devel/zlib-devel-1.2.5-1.tar.bz2
2015/05/08 15:54:21 Extracting from file://E:\U\develope\XDK2\01-cygwin\cygwin/release/zlib/zlib0/zlib0-1.2.5-1.tar.bz2
2015/05/08 15:54:21 Changing gid back to original
2015/05/08 15:54:21 running: C:\cygwin\bin\bash.exe --norc --noprofile /etc/postinstall/000-cygwin-post-install.sh
2015/05/08 15:54:27 running: C:\cygwin\bin\bash.exe --norc --noprofile /etc/postinstall/coreutils.sh
2015/05/08 15:54:29 running: C:\cygwin\bin\bash.exe --norc --noprofile /etc/postinstall/terminfo.sh
2015/05/08 15:54:40 running: C:\cygwin\bin\bash.exe --norc --noprofile /etc/postinstall/bash.sh
2015/05/08 15:54:41 running: C:\cygwin\bin\bash.exe --norc --noprofile /etc/postinstall/terminfo0.sh
2015/05/08 15:54:51 running: C:\cygwin\bin\bash.exe --norc --noprofile /etc/postinstall/update-info-dir.sh
2015/05/08 15:55:08 running: C:\cygwin\bin\bash.exe --norc --noprofile /etc/postinstall/autoconf2.5.sh
2015/05/08 15:55:10 running: C:\cygwin\bin\bash.exe --norc --noprofile /etc/postinstall/autoconf.sh
2015/05/08 15:55:12 running: C:\cygwin\bin\bash.exe --norc --noprofile /etc/postinstall/automake1.4.sh
2015/05/08 15:55:12 running: C:\cygwin\bin\bash.exe --norc --noprofile /etc/postinstall/automake1.5.sh
2015/05/08 15:55:12 running: C:\cygwin\bin\bash.exe --norc --noprofile /etc/postinstall/automake1.6.sh
2015/05/08 15:55:12 running: C:\cygwin\bin\bash.exe --norc --noprofile /etc/postinstall/automake1.7.sh
2015/05/08 15:55:12 running: C:\cygwin\bin\bash.exe --norc --noprofile /etc/postinstall/automake1.8.sh
2015/05/08 15:55:13 running: C:\cygwin\bin\bash.exe --norc --noprofile /etc/postinstall/automake1.9.sh
2015/05/08 15:55:13 running: C:\cygwin\bin\bash.exe --norc --noprofile /etc/postinstall/automake1.10.sh
2015/05/08 15:55:13 running: C:\cygwin\bin\bash.exe --norc --noprofile /etc/postinstall/automake1.11.sh
2015/05/08 15:55:13 running: C:\cygwin\bin\bash.exe --norc --noprofile /etc/postinstall/automake.sh
2015/05/08 15:55:13 running: C:\cygwin\bin\bash.exe --norc --noprofile /etc/postinstall/base-files-profile.sh
2015/05/08 15:55:18 running: C:\cygwin\bin\bash.exe --norc --noprofile /etc/postinstall/base-files-mketc.sh
2015/05/08 15:55:20 running: C:\cygwin\bin\bash.exe --norc --noprofile /etc/postinstall/bashdb.sh
2015/05/08 15:55:20 running: C:\cygwin\bin\bash.exe --norc --noprofile /etc/postinstall/libsasl2.sh
2015/05/08 15:55:20 running: C:\cygwin\bin\bash.exe --norc --noprofile /etc/postinstall/man.sh
2015/05/08 15:55:20 running: C:\cygwin\bin\bash.exe --norc --noprofile /etc/postinstall/gcc-mingw-core.sh
2015/05/08 15:55:23 running: C:\cygwin\bin\bash.exe --norc --noprofile /etc/postinstall/gcc.sh
2015/05/08 15:55:23 running: C:\cygwin\bin\bash.exe --norc --noprofile /etc/postinstall/gcc-mingw-g++.sh
2015/05/08 15:55:24 running: C:\cygwin\bin\bash.exe --norc --noprofile /etc/postinstall/gcc-g++.sh
2015/05/08 15:55:24 running: C:\cygwin\bin\bash.exe --norc --noprofile /etc/postinstall/vim.sh
2015/05/08 15:55:25 Changing gid to Administrators
2015/05/08 15:55:29 note: Installation Complete
2015/05/08 15:55:29 Ending cygwin install
2015/09/28 10:26:00 Starting cygwin install, version 2.738
2015/09/28 10:26:00 io_stream_cygfile: fopen(/etc/setup/net-method) failed 2 No such file or directory
2015/09/28 10:26:00 io_stream_cygfile: fopen(/etc/setup/net-proxy-host) failed 2 No such file or directory
2015/09/28 10:26:00 io_stream_cygfile: fopen(/etc/setup/net-proxy-port) failed 2 No such file or directory
2015/09/28 10:26:00 io_stream_cygfile: fopen(/etc/setup/extrakeys) failed 2 No such file or directory
2015/09/28 10:26:00 io_stream_cygfile: fopen(/etc/setup/chooser_window_settings) failed 2 No such file or directory
2015/09/28 10:26:00 Current Directory: E:\U\develope\XDK2\01-cygwin\cygwin
2015/09/28 10:26:00 User has backup/restore rights
2015/09/28 10:26:00 Changing gid to Administrators
2015/09/28 10:26:00 Could not open service McShield for query, start and stop. McAfee may not be installed, or we don't have access.
2015/09/28 10:26:05 source: from cwd
2015/09/28 10:26:07 root: C:\cygwin binary system
2015/09/28 10:26:09 Selected local directory: E:\U\develope\XDK2\01-cygwin\cygwin
2015/09/28 10:26:13 Changing gid back to original
2015/09/28 10:26:13 Changing gid to Administrators
2015/09/28 10:26:15 note: Nothing needed to be installed
2015/09/28 10:26:15 Ending cygwin install
